e:\mynetstack\mynetstack\mynetstack\debug\vc141.pdb
e:\mynetstack\mynetstack\mynetstack\debug\vc141.idb
e:\mynetstack\mynetstack\mynetstack\debug\test_main.obj
e:\mynetstack\mynetstack\mynetstack\debug\ringbuffer_test.obj
e:\mynetstack\mynetstack\mynetstack\debug\packeg_taken_test.obj
e:\mynetstack\mynetstack\mynetstack\debug\basic_crc32_test.obj
e:\mynetstack\mynetstack\mynetstack\debug\basic_list.obj
e:\mynetstack\mynetstack\mynetstack\debug\basic_function.obj
e:\mynetstack\mynetstack\mynetstack\debug\basic_crc32.obj
e:\mynetstack\mynetstack\mynetstack\debug\sdata_trans.obj
e:\mynetstack\mynetstack\mynetstack\debug\ringbuffer.obj
e:\mynetstack\mynetstack\mynetstack\debug\packeg_taken.obj
e:\mynetstack\mynetstack\debug\mynetstack.exe
e:\mynetstack\mynetstack\debug\mynetstack.ilk
e:\mynetstack\mynetstack\debug\mynetstack.pdb
e:\mynetstack\mynetstack\mynetstack\debug\mynetstack.tlog\cl.command.1.tlog
e:\mynetstack\mynetstack\mynetstack\debug\mynetstack.tlog\cl.read.1.tlog
e:\mynetstack\mynetstack\mynetstack\debug\mynetstack.tlog\cl.write.1.tlog
e:\mynetstack\mynetstack\mynetstack\debug\mynetstack.tlog\link.command.1.tlog
e:\mynetstack\mynetstack\mynetstack\debug\mynetstack.tlog\link.read.1.tlog
e:\mynetstack\mynetstack\mynetstack\debug\mynetstack.tlog\link.write.1.tlog
